{
  meta: {
    req: {
      url: '/23',
      headers: {
        'user-agent': 'PostmanRuntime/7.37.3',
        accept: '*/*',
        'cache-control': 'no-cache',
        'postman-token': 'bf62290a-f964-4bf3-80fc-18e1e14952c9',
        host: '127.0.0.1:3000',
        'accept-encoding': 'gzip, deflate, br',
        connection: 'keep-alive'
      },
      method: 'GET',
      httpVersion: '1.1',
      originalUrl: '/23',
      query: {}
    },
    res: { statusCode: 500 },
    responseTime: 8
  },
  level: 'error',
  message: 'HTTP GET /23',
  timestamp: '2024-06-17T17:15:15.441Z'
}
{
  meta: {
    req: {
      url: '/23',
      headers: {
        'user-agent': 'PostmanRuntime/7.37.3',
        accept: '*/*',
        'cache-control': 'no-cache',
        'postman-token': 'b4bcd5cb-5c96-45c0-8012-20fb05c00c44',
        host: '127.0.0.1:3000',
        'accept-encoding': 'gzip, deflate, br',
        connection: 'keep-alive'
      },
      method: 'GET',
      httpVersion: '1.1',
      originalUrl: '/23',
      query: {}
    },
    res: { statusCode: 500 },
    responseTime: 7
  },
  level: 'error',
  message: 'HTTP GET /23',
  timestamp: '2024-06-17T17:20:15.551Z'
}
{
  meta: {
    req: {
      url: '/users/add-products',
      headers: {
        'user-agent': 'PostmanRuntime/7.39.0',
        accept: '*/*',
        'postman-token': '916522e4-252f-4223-aef4-4b351255d758',
        host: 'localhost:3000',
        'accept-encoding': 'gzip, deflate, br',
        connection: 'keep-alive',
        'content-length': '0'
      },
      method: 'POST',
      httpVersion: '1.1',
      originalUrl: '/users/add-products',
      query: {}
    },
    res: { statusCode: 500 },
    responseTime: 1
  },
  level: 'error',
  message: 'HTTP POST /users/add-products',
  timestamp: '2024-06-19T05:07:14.878Z'
}
{
  meta: {
    req: {
      url: '/users/add-products',
      headers: {
        'user-agent': 'PostmanRuntime/7.39.0',
        accept: '*/*',
        'postman-token': 'd9606d28-7402-486f-a21c-54f6efb55da9',
        host: 'localhost:3000',
        'accept-encoding': 'gzip, deflate, br',
        connection: 'keep-alive',
        'content-length': '0'
      },
      method: 'POST',
      httpVersion: '1.1',
      originalUrl: '/users/add-products',
      query: {}
    },
    res: { statusCode: 500 },
    responseTime: 2
  },
  level: 'error',
  message: 'HTTP POST /users/add-products',
  timestamp: '2024-06-19T05:07:45.372Z'
}
{
  meta: {
    req: {
      url: '/users/add-products',
      headers: {
        'content-type': 'application/json',
        'user-agent': 'PostmanRuntime/7.39.0',
        accept: '*/*',
        'postman-token': '6cb52ba9-a06d-4313-afcb-5fb2ed18a3d2',
        host: 'localhost:3000',
        'accept-encoding': 'gzip, deflate, br',
        connection: 'keep-alive',
        'content-length': '154'
      },
      method: 'POST',
      httpVersion: '1.1',
      originalUrl: '/users/add-products',
      query: {}
    },
    res: { statusCode: 500 },
    responseTime: 1
  },
  level: 'error',
  message: 'HTTP POST /users/add-products',
  timestamp: '2024-06-19T05:09:26.436Z'
}
{
  meta: {
    req: {
      url: '/users/add-products',
      headers: {
        'content-type': 'application/json',
        'user-agent': 'PostmanRuntime/7.39.0',
        accept: '*/*',
        'postman-token': 'd53f515f-a8b2-40bb-9225-3cd5c0519bb4',
        host: 'localhost:3000',
        'accept-encoding': 'gzip, deflate, br',
        connection: 'keep-alive',
        'content-length': '154'
      },
      method: 'POST',
      httpVersion: '1.1',
      originalUrl: '/users/add-products',
      query: {}
    },
    res: { statusCode: 500 },
    responseTime: 3
  },
  level: 'error',
  message: 'HTTP POST /users/add-products',
  timestamp: '2024-06-19T05:09:43.109Z'
}
{
  meta: {
    req: {
      url: '/users/add-products',
      headers: {
        'content-type': 'application/json',
        'user-agent': 'PostmanRuntime/7.39.0',
        accept: '*/*',
        'postman-token': 'eb03f7e7-b988-4bf8-b2a7-71b737e442d1',
        host: 'localhost:3000',
        'accept-encoding': 'gzip, deflate, br',
        connection: 'keep-alive',
        'content-length': '154'
      },
      method: 'POST',
      httpVersion: '1.1',
      originalUrl: '/users/add-products',
      query: {}
    },
    res: { statusCode: 500 },
    responseTime: 4
  },
  level: 'error',
  message: 'HTTP POST /users/add-products',
  timestamp: '2024-06-19T05:10:49.627Z'
}
{
  meta: {
    req: {
      url: '/users/add-products',
      headers: {
        'content-type': 'application/json',
        'user-agent': 'PostmanRuntime/7.39.0',
        accept: '*/*',
        'postman-token': 'c7298337-e7ad-40ab-be2c-788719ed01e2',
        host: 'localhost:3000',
        'accept-encoding': 'gzip, deflate, br',
        connection: 'keep-alive',
        'content-length': '154'
      },
      method: 'POST',
      httpVersion: '1.1',
      originalUrl: '/users/add-products',
      query: {}
    },
    res: { statusCode: 500 },
    responseTime: 3
  },
  level: 'error',
  message: 'HTTP POST /users/add-products',
  timestamp: '2024-06-19T05:11:16.360Z'
}
{
  meta: {
    req: {
      url: '/',
      headers: {
        host: '127.0.0.1:3000',
        connection: 'keep-alive',
        'sec-ch-ua': '"Not/A)Brand";v="8", "Chromium";v="126", "Google Chrome";v="126"',
        'sec-ch-ua-mobile': '?0',
        'sec-ch-ua-platform': '"Windows"',
        'upgrade-insecure-requests': '1',
        'user-agent': 'Mozilla/5.0 (Windows NT 10.0; Win64; x64) AppleWebKit/537.36 (KHTML, like Gecko) Chrome/126.0.0.0 Safari/537.36',
        accept: 'text/html,application/xhtml+xml,application/xml;q=0.9,image/avif,image/webp,image/apng,*/*;q=0.8,application/signed-exchange;v=b3;q=0.7',
        'sec-fetch-site': 'none',
        'sec-fetch-mode': 'navigate',
        'sec-fetch-user': '?1',
        'sec-fetch-dest': 'document',
        'accept-encoding': 'gzip, deflate, br, zstd',
        'accept-language': 'en-US,en;q=0.9'
      },
      method: 'GET',
      httpVersion: '1.1',
      originalUrl: '/',
      query: {}
    },
    res: { statusCode: 500 },
    responseTime: 5
  },
  level: 'error',
  message: 'HTTP GET /',
  timestamp: '2024-06-25T04:38:39.053Z'
}
{
  meta: {
    req: {
      url: '/favicon.ico',
      headers: {
        host: '127.0.0.1:3000',
        connection: 'keep-alive',
        'sec-ch-ua': '"Not/A)Brand";v="8", "Chromium";v="126", "Google Chrome";v="126"',
        'sec-ch-ua-mobile': '?0',
        'user-agent': 'Mozilla/5.0 (Windows NT 10.0; Win64; x64) AppleWebKit/537.36 (KHTML, like Gecko) Chrome/126.0.0.0 Safari/537.36',
        'sec-ch-ua-platform': '"Windows"',
        accept: 'image/avif,image/webp,image/apng,image/svg+xml,image/*,*/*;q=0.8',
        'sec-fetch-site': 'same-origin',
        'sec-fetch-mode': 'no-cors',
        'sec-fetch-dest': 'image',
        referer: 'http://127.0.0.1:3000/',
        'accept-encoding': 'gzip, deflate, br, zstd',
        'accept-language': 'en-US,en;q=0.9'
      },
      method: 'GET',
      httpVersion: '1.1',
      originalUrl: '/favicon.ico',
      query: {}
    },
    res: { statusCode: 500 },
    responseTime: 1
  },
  level: 'error',
  message: 'HTTP GET /favicon.ico',
  timestamp: '2024-06-25T04:38:39.153Z'
}
